<?xml version="1.0" encoding="UTF-8"?>
<!-- Generated by org.testng.reporters.JUnitXMLReporter -->
<testsuite hostname="Jayarees-MacBook-Pro.local" ignored="0" name="Smoke Tests" tests="32" failures="0" timestamp="11 Dec 2019 17:33:42 GMT" time="234.757" errors="0">
  <testcase name="i_am_a_user_of_Axate_and_I_am_on_the_registration_page_through_popbitch_FUN" time="12.822" classname="Stepdef.Popbitch.POPSMO21_Read_Updates_On_Date_Wallet_Back"/>
  <testcase name="i_register_successfully_on_popbitch_with_one_pound" time="22.81" classname="Stepdef.Popbitch.POPSMO21_Read_Updates_On_Date_Wallet_Back"/>
  <testcase name="i_read_an_article_on_popbitch" time="6.471" classname="Stepdef.Popbitch.POPSMO21_Read_Updates_On_Date_Wallet_Back"/>
  <testcase name="i_display_the_datetime_of_the_article_read" time="0.006" classname="Stepdef.Popbitch.POPSMO21_Read_Updates_On_Date_Wallet_Back"/>
  <testcase name="i_open_the_wallet" time="0.05" classname="Stepdef.Popbitch.POPSMO21_Read_Updates_On_Date_Wallet_Back"/>
  <testcase name="i_flip_the_wallet" time="4.176" classname="Stepdef.Popbitch.POPSMO21_Read_Updates_On_Date_Wallet_Back"/>
  <testcase name="the_updates_on_date_on_the_back_of_the_wallet_is_seven_days_from_datetime_noted_when_I_read_the_first_article" time="4.113" classname="Stepdef.Popbitch.POPSMO21_Read_Updates_On_Date_Wallet_Back"/>
  <testcase name="i_am_a_user_of_Axate_and_I_am_on_the_registration_page_through_popbitch_FUN" time="8.172" classname="Stepdef.Popbitch.POPSMO22_Free_Point_Updates_On_Date_Wallet_Back"/>
  <testcase name="i_register_successfully_on_popbitch_with_one_pound" time="22.14" classname="Stepdef.Popbitch.POPSMO22_Free_Point_Updates_On_Date_Wallet_Back"/>
  <testcase name="i_acheive_freeperiod_on_popbitch" time="14.832" classname="Stepdef.Popbitch.POPSMO22_Free_Point_Updates_On_Date_Wallet_Back"/>
  <testcase name="i_display_the_datetime_of_the_first_article_read" time="0.001" classname="Stepdef.Popbitch.POPSMO22_Free_Point_Updates_On_Date_Wallet_Back"/>
  <testcase name="i_open_the_wallet" time="0.001" classname="Stepdef.Popbitch.POPSMO22_Free_Point_Updates_On_Date_Wallet_Back"/>
  <testcase name="i_flip_the_wallet" time="4.186" classname="Stepdef.Popbitch.POPSMO22_Free_Point_Updates_On_Date_Wallet_Back"/>
  <testcase name="the_updates_on_date_on_the_back_of_the_wallet_is_seven_days_from_datetime_noted_when_I_read_the_first_article" time="2.105" classname="Stepdef.Popbitch.POPSMO22_Free_Point_Updates_On_Date_Wallet_Back"/>
  <testcase name="i_am_a_user_of_Axate_and_I_am_on_the_registration_page_through_popbitch_FUN" time="7.728" classname="Stepdef.Popbitch.POPSMO23_Auto_Charge_Button_Back_Wallet_Off"/>
  <testcase name="i_register_successfully_on_popbitch_with_one_pound" time="22.401" classname="Stepdef.Popbitch.POPSMO23_Auto_Charge_Button_Back_Wallet_Off"/>
  <testcase name="opt_just_charge_me_on_the_finish_notice_and_click_ok" time="12.085" classname="Stepdef.Popbitch.POPSMO23_Auto_Charge_Button_Back_Wallet_Off"/>
  <testcase name="i_open_the_flipped_wallet" time="9.549" classname="Stepdef.Popbitch.POPSMO23_Auto_Charge_Button_Back_Wallet_Off"/>
  <testcase name="opt_Ask_me_everytime_on_the_autocharge_button_on_the_wallet" time="4.138" classname="Stepdef.Popbitch.POPSMO23_Auto_Charge_Button_Back_Wallet_Off"/>
  <testcase name="navigate_to_another_premium_article_on_popbitch" time="1.413" classname="Stepdef.Popbitch.POPSMO23_Auto_Charge_Button_Back_Wallet_Off"/>
  <testcase name="authorise_charge_notice_is_displayed" time="8.196" classname="Stepdef.Popbitch.POPSMO23_Auto_Charge_Button_Back_Wallet_Off"/>
  <testcase name="i_am_a_user_of_Axate_and_I_am_on_the_registration_page_through_popbitch_FUN" time="7.452" classname="Stepdef.Popbitch.POPSMO24_Auto_Charge_Button_Back_Wallet_On"/>
  <testcase name="i_register_successfully_on_popbitch_with_one_pound" time="22.914" classname="Stepdef.Popbitch.POPSMO24_Auto_Charge_Button_Back_Wallet_On"/>
  <testcase name="opt_Ask_me_everytime_on_the_finish_notice_and_click_ok" time="5.013" classname="Stepdef.Popbitch.POPSMO24_Auto_Charge_Button_Back_Wallet_On"/>
  <testcase name="click_ok_on_the_authorise_charge_notice" time="1.179" classname="Stepdef.Popbitch.POPSMO24_Auto_Charge_Button_Back_Wallet_On"/>
  <testcase name="i_open_the_flipped_wallet" time="11.583" classname="Stepdef.Popbitch.POPSMO24_Auto_Charge_Button_Back_Wallet_On"/>
  <testcase name="opt_Just_charge_me_on_the_autocharge_button_on_the_wallet" time="6.143" classname="Stepdef.Popbitch.POPSMO24_Auto_Charge_Button_Back_Wallet_On"/>
  <testcase name="navigate_to_another_premium_article_on_popbitch" time="0.64" classname="Stepdef.Popbitch.POPSMO24_Auto_Charge_Button_Back_Wallet_On"/>
  <testcase name="wallet_balance_is_detucted_by_twentyfivep" time="7.176" classname="Stepdef.Popbitch.POPSMO24_Auto_Charge_Button_Back_Wallet_On"/>
  <testcase name="i_am_a_user_of_Axate_and_in_a_logged_out_state" time="1.197" classname="Stepdef.Popbitch.POPSMO25_First_Use_Notice_Displayed"/>
  <testcase name="i_navigate_to_a_premium_article_on_popbitch" time="1.913" classname="Stepdef.Popbitch.POPSMO25_First_Use_Notice_Displayed"/>
  <testcase name="the_first_use_notice_is_displayed" time="2.084" classname="Stepdef.Popbitch.POPSMO25_First_Use_Notice_Displayed"/>
</testsuite> <!-- Smoke Tests -->
