<?xml version="1.0" encoding="UTF-8"?>
<!-- Generated by org.testng.reporters.JUnitXMLReporter -->
<testsuite hostname="Jayarees-MacBook-Pro.local" ignored="0" name="Smoke Tests" tests="49" failures="0" timestamp="11 Dec 2019 17:43:39 GMT" time="377.976" errors="0">
  <testcase name="i_am_a_user_of_Axate_and_I_am_on_the_registration_page_through_popbitch_FUN" time="8.474" classname="Stepdef.Popbitch.POPSMO26_Popbitch_Free_Period_From_Finish_Notice"/>
  <testcase name="i_register_successfully_on_popbitch_with_one_pound" time="21.904" classname="Stepdef.Popbitch.POPSMO26_Popbitch_Free_Period_From_Finish_Notice"/>
  <testcase name="opt_Just_charge_me_on_the_finish_notice_and_click_ok" time="12.598" classname="Stepdef.Popbitch.POPSMO26_Popbitch_Free_Period_From_Finish_Notice"/>
  <testcase name="twenty_fivep_is_detucted_from_the_wallet" time="4.307" classname="Stepdef.Popbitch.POPSMO26_Popbitch_Free_Period_From_Finish_Notice"/>
  <testcase name="i_display_the_datetime_of_the_article_read" time="0.006" classname="Stepdef.Popbitch.POPSMO26_Popbitch_Free_Period_From_Finish_Notice"/>
  <testcase name="twenty_fivep_is_detucted_from_the_free_point" time="3.724" classname="Stepdef.Popbitch.POPSMO26_Popbitch_Free_Period_From_Finish_Notice"/>
  <testcase name="i_navigate_to_second_premium_article_on_popbitch" time="2.496" classname="Stepdef.Popbitch.POPSMO26_Popbitch_Free_Period_From_Finish_Notice"/>
  <testcase name="wallet_tab_displays_free" time="4.622" classname="Stepdef.Popbitch.POPSMO26_Popbitch_Free_Period_From_Finish_Notice"/>
  <testcase name="twenty_fivep_is_deducted_from_the_wallet" time="4.103" classname="Stepdef.Popbitch.POPSMO26_Popbitch_Free_Period_From_Finish_Notice"/>
  <testcase name="free_period_is_acheived_with_free_on_the_free_point" time="6.206" classname="Stepdef.Popbitch.POPSMO26_Popbitch_Free_Period_From_Finish_Notice"/>
  <testcase name="i_am_a_user_of_Axate_and_I_am_on_the_registration_page_through_popbitch_FUN" time="7.93" classname="Stepdef.Popbitch.POPSMO27_Popbitch_Free_Period_From_Authoirse_Charge_Notice"/>
  <testcase name="i_register_successfully_on_popbitch_with_one_pound" time="21.005" classname="Stepdef.Popbitch.POPSMO27_Popbitch_Free_Period_From_Authoirse_Charge_Notice"/>
  <testcase name="opt_Ask_me_everytime_on_the_finish_notice_and_click_ok" time="6.105" classname="Stepdef.Popbitch.POPSMO27_Popbitch_Free_Period_From_Authoirse_Charge_Notice"/>
  <testcase name="click_ok_on_the_authorise_charge_notice_for_first_Article" time="5.685" classname="Stepdef.Popbitch.POPSMO27_Popbitch_Free_Period_From_Authoirse_Charge_Notice"/>
  <testcase name="twenty_fivep_is_detucted_from_the_wallet" time="6.083" classname="Stepdef.Popbitch.POPSMO27_Popbitch_Free_Period_From_Authoirse_Charge_Notice"/>
  <testcase name="i_display_the_datetime_of_the_article_read" time="2.001" classname="Stepdef.Popbitch.POPSMO27_Popbitch_Free_Period_From_Authoirse_Charge_Notice"/>
  <testcase name="twenty_fivep_is_detucted_from_the_free_point" time="4.158" classname="Stepdef.Popbitch.POPSMO27_Popbitch_Free_Period_From_Authoirse_Charge_Notice"/>
  <testcase name="i_navigate_to_second_premium_article_on_popbitch" time="4.65" classname="Stepdef.Popbitch.POPSMO27_Popbitch_Free_Period_From_Authoirse_Charge_Notice"/>
  <testcase name="click_ok_on_the_authorise_charge_notice_of_second_article" time="0.681" classname="Stepdef.Popbitch.POPSMO27_Popbitch_Free_Period_From_Authoirse_Charge_Notice"/>
  <testcase name="twentyfivep_is_deducted_from_the_wallet" time="6.124" classname="Stepdef.Popbitch.POPSMO27_Popbitch_Free_Period_From_Authoirse_Charge_Notice"/>
  <testcase name="free_period_is_acheived_with_free_on_the_free_point" time="10.177" classname="Stepdef.Popbitch.POPSMO27_Popbitch_Free_Period_From_Authoirse_Charge_Notice"/>
  <testcase name="i_am_a_user_of_Axate_and_I_am_on_the_registration_page_through_reaction_FUN" time="6.674" classname="Stepdef.Popbitch.POPSMO28_Free_period_from_new_publication_notice"/>
  <testcase name="i_register_successfully_on_reaction_with_one_pound" time="25.371" classname="Stepdef.Popbitch.POPSMO28_Free_period_from_new_publication_notice"/>
  <testcase name="opt_just_charge_me_on_the_finish_notice_and_click_ok" time="6.22" classname="Stepdef.Popbitch.POPSMO28_Free_period_from_new_publication_notice"/>
  <testcase name="i_navigate_to_a_premium_article_on_popbitch" time="5.296" classname="Stepdef.Popbitch.POPSMO28_Free_period_from_new_publication_notice"/>
  <testcase name="i_opt_just_cahrge_me_on_the_newpublication_notice_and_click_ok" time="20.145" classname="Stepdef.Popbitch.POPSMO28_Free_period_from_new_publication_notice"/>
  <testcase name="i_display_the_datetime_of_the_article_read" time="0.001" classname="Stepdef.Popbitch.POPSMO28_Free_period_from_new_publication_notice"/>
  <testcase name="twentyfivep_is_deducted_from_the_wallet_after_first_article" time="4.087" classname="Stepdef.Popbitch.POPSMO28_Free_period_from_new_publication_notice"/>
  <testcase name="i_navigate_to_second_premium_article_on_popbitch" time="3.129" classname="Stepdef.Popbitch.POPSMO28_Free_period_from_new_publication_notice"/>
  <testcase name="twentyfivep_is_deducted_from_the_wallet" time="4.126" classname="Stepdef.Popbitch.POPSMO28_Free_period_from_new_publication_notice"/>
  <testcase name="free_period_is_acheived_with_free_on_the_free_point" time="6.153" classname="Stepdef.Popbitch.POPSMO28_Free_period_from_new_publication_notice"/>
  <testcase name="i_am_a_user_of_Axate_and_I_am_on_the_registration_page_through_popbitch_FUN" time="8.064" classname="Stepdef.Popbitch.POPSMO29_Free_period_on_2_publications"/>
  <testcase name="i_register_successfully_on_popbitch_with_one_pound" time="29.024" classname="Stepdef.Popbitch.POPSMO29_Free_period_on_2_publications"/>
  <testcase name="acheive_free_period_on_popbitch" time="27.03" classname="Stepdef.Popbitch.POPSMO29_Free_period_on_2_publications"/>
  <testcase name="i_navigate_to_a_premium_article_on_newbury" time="9.487" classname="Stepdef.Popbitch.POPSMO29_Free_period_on_2_publications"/>
  <testcase name="opt_just_charge_me_on_the_newpublication_notice_and_click_ok" time="20.178" classname="Stepdef.Popbitch.POPSMO29_Free_period_on_2_publications"/>
  <testcase name="i_display_the_datetime_of_the_article_read_on_newbury" time="8.302" classname="Stepdef.Popbitch.POPSMO29_Free_period_on_2_publications"/>
  <testcase name="the_free_period_on_popbitch_is_seven_days_from_the_date_time_the_first_article_was_read_on_popbitch" time="13.854" classname="Stepdef.Popbitch.POPSMO29_Free_period_on_2_publications"/>
  <testcase name="the_free_period_on_newbury_is_one_days_from_the_date_time_the_first_article_was_read_on_newbury" time="11.812" classname="Stepdef.Popbitch.POPSMO29_Free_period_on_2_publications"/>
  <testcase name="i_am_a_user_of_Axate_and_I_am_on_the_login_page_through_popbitch_staging" time="5.061" classname="Stepdef.Popbitch.POPSMO30_Login_From_First_Use_Notice"/>
  <testcase name="i_enter_a_valid_email_and_a_valid_password_on_the_login_page" time="0.468" classname="Stepdef.Popbitch.POPSMO30_Login_From_First_Use_Notice"/>
  <testcase name="i_click_on_continue_on_login_page" time="0.128" classname="Stepdef.Popbitch.POPSMO30_Login_From_First_Use_Notice"/>
  <testcase name="i_am_successfully_logged_in_to_axate" time="6.802" classname="Stepdef.Popbitch.POPSMO30_Login_From_First_Use_Notice"/>
  <testcase name="i_am_navigated_to_the_same_article" time="0.006" classname="Stepdef.Popbitch.POPSMO30_Login_From_First_Use_Notice"/>
  <testcase name="i_am_a_user_of_Axate_and_I_am_on_the_Login_page_wallet" time="6.28" classname="Stepdef.Popbitch.POPSMO31_Login_From_Wallet"/>
  <testcase name="i_enter_a_valid_email_and_a_valid_password_on_the_login_page" time="0.477" classname="Stepdef.Popbitch.POPSMO31_Login_From_Wallet"/>
  <testcase name="i_click_on_continue_on_login_page" time="0.128" classname="Stepdef.Popbitch.POPSMO31_Login_From_Wallet"/>
  <testcase name="i_am_successfully_logged_in_to_axate" time="6.404" classname="Stepdef.Popbitch.POPSMO31_Login_From_Wallet"/>
  <testcase name="i_am_navigated_to_popbitch_homepage" time="0.13" classname="Stepdef.Popbitch.POPSMO31_Login_From_Wallet"/>
</testsuite> <!-- Smoke Tests -->
